This file contains any messages produced by compilers while
running configure, to aid debugging if configure makes a mistake.

It was created by darshan-util configure 3.1.5, which was
generated by GNU Autoconf 2.69.  Invocation command line was

  $ ./configure --enable-shared

## --------- ##
## Platform. ##
## --------- ##

hostname = h2ologin4
uname -m = x86_64
uname -r = 3.0.101-0.47.106.11-default
uname -s = Linux
uname -v = #1 SMP Tue Jan 2 10:46:28 UTC 2018 (afabf7c)

/usr/bin/uname -p = unknown
/bin/uname -X     = unknown

/bin/arch              = x86_64
/usr/bin/arch -k       = unknown
/usr/convex/getsysinfo = unknown
/usr/bin/hostinfo      = unknown
/bin/machine           = unknown
/usr/bin/oslevel       = unknown
/bin/universe          = unknown

PATH: /sw/xe/darshan/3.1.3/darshan-3.1.3/bin
PATH: /sw/EasyBuild/software/gnuplot/5.0.5/bin
PATH: /sw/EasyBuild/software/wget/1.19.2/bin
PATH: /sw/EasyBuild/software/git/2.15.0/bin
PATH: /sw/EasyBuild/software/cURL/7.56.1/bin
PATH: /sw/EasyBuild/software/OpenSSL/1.0.2m/bin
PATH: /sw/admin/scripts
PATH: /sw/user/scripts
PATH: /opt/xalt/0.7.6/sles11.3/libexec
PATH: /opt/xalt/0.7.6/sles11.3/bin
PATH: /usr/local/gsi-openssh-6.2p2-2/bin
PATH: /opt/java/jdk1.8.0_51/bin
PATH: /usr/local/globus-5.2.5/bin
PATH: /usr/local/globus-5.2.5/sbin
PATH: /opt/moab/9.0.2t7/sbin
PATH: /opt/torque/6.0.4/sbin
PATH: /opt/torque/6.0.4/bin
PATH: /opt/cray/mpt/7.5.0/gni/bin
PATH: /opt/cray/rca/1.0.0-2.0502.60530.1.63.gem/bin
PATH: /opt/cray/alps/5.2.4-2.0502.9774.31.12.gem/sbin
PATH: /opt/cray/dvs/2.5_0.9.0-1.0502.2188.1.113.gem/bin
PATH: /opt/cray/xpmem/0.1-2.0502.64982.5.3.gem/bin
PATH: /opt/cray/pmi/5.0.10-1.0000.11050.179.3.gem/bin
PATH: /opt/cray/ugni/6.0-1.0502.10863.8.28.gem/bin
PATH: /opt/cray/udreg/2.3.2-1.0502.10518.2.17.gem/bin
PATH: /opt/cray/craype/2.5.8/bin
PATH: /opt/cray/cce/8.4.6/cray-binutils/x86_64-unknown-linux-gnu/bin
PATH: /opt/cray/cce/8.4.6/craylibs/x86-64/bin
PATH: /opt/cray/cce/8.4.6/cftn/bin
PATH: /opt/cray/cce/8.4.6/CC/bin
PATH: /opt/cray/eslogin/eswrap/1.3.3-1.020200.1280.0/bin
PATH: /opt/modules/3.2.10.4/bin
PATH: /opt/moab/9.0.2t7/bin
PATH: /usr/local/bin
PATH: /usr/bin
PATH: /bin
PATH: /usr/bin/X11
PATH: /usr/X11R6/bin
PATH: /usr/games
PATH: /usr/lib/mit/bin
PATH: /usr/lib/mit/sbin
PATH: /usr/lib/qt3/bin
PATH: /opt/cray/bin
PATH: /u/eot/borcean2/bin


## ----------- ##
## Core tests. ##
## ----------- ##

configure:2171: checking for a BSD-compatible install
configure:2239: result: /usr/bin/install -c
configure:2299: checking for gcc
configure:2315: found /usr/bin/gcc
configure:2326: result: gcc
configure:2555: checking for C compiler version
configure:2564: gcc --version >&5
gcc (SUSE Linux) 4.3.4 [gcc-4_3-branch revision 152973]
Copyright (C) 2008 Free Software Foundation, Inc.
This is free software; see the source for copying conditions.  There is NO
warranty; not even for MERCHANTABILITY or FITNESS FOR A PARTICULAR PURPOSE.

configure:2575: $? = 0
configure:2564: gcc -v >&5
Using built-in specs.
Target: x86_64-suse-linux
Configured with: ../configure --prefix=/usr --infodir=/usr/share/info --mandir=/usr/share/man --libdir=/usr/lib64 --libexecdir=/usr/lib64 --enable-languages=c,c++,objc,fortran,obj-c++,java,ada --enable-checking=release --with-gxx-include-dir=/usr/include/c++/4.3 --enable-ssp --disable-libssp --with-bugurl=http://bugs.opensuse.org/ --with-pkgversion='SUSE Linux' --disable-libgcj --disable-libmudflap --with-slibdir=/lib64 --with-system-zlib --enable-__cxa_atexit --enable-libstdcxx-allocator=new --disable-libstdcxx-pch --enable-version-specific-runtime-libs --program-suffix=-4.3 --enable-linux-futex --without-system-libunwind --with-cpu=generic --build=x86_64-suse-linux
Thread model: posix
gcc version 4.3.4 [gcc-4_3-branch revision 152973] (SUSE Linux) 
configure:2575: $? = 0
configure:2564: gcc -V >&5
gcc: '-V' option must have argument
configure:2575: $? = 1
configure:2564: gcc -qversion >&5
gcc: unrecognized option '-qversion'
gcc: no input files
configure:2575: $? = 1
configure:2595: checking whether the C compiler works
configure:2617: gcc    conftest.c  >&5
configure:2621: $? = 0
configure:2669: result: yes
configure:2672: checking for C compiler default output file name
configure:2674: result: a.out
configure:2680: checking for suffix of executables
configure:2687: gcc -o conftest    conftest.c  >&5
configure:2691: $? = 0
configure:2713: result: 
configure:2735: checking whether we are cross compiling
configure:2743: gcc -o conftest    conftest.c  >&5
configure:2747: $? = 0
configure:2754: ./conftest
configure:2758: $? = 0
configure:2773: result: no
configure:2778: checking for suffix of object files
configure:2800: gcc -c   conftest.c >&5
configure:2804: $? = 0
configure:2825: result: o
configure:2829: checking whether we are using the GNU C compiler
configure:2848: gcc -c   conftest.c >&5
configure:2848: $? = 0
configure:2857: result: yes
configure:2866: checking whether gcc accepts -g
configure:2886: gcc -c -g  conftest.c >&5
configure:2886: $? = 0
configure:2927: result: yes
configure:2944: checking for gcc option to accept ISO C89
configure:3007: gcc  -c -g -O2  conftest.c >&5
configure:3007: $? = 0
configure:3020: result: none needed
configure:3046: checking how to run the C preprocessor
configure:3077: gcc -E  conftest.c
configure:3077: $? = 0
configure:3091: gcc -E  conftest.c
conftest.c:9:28: error: ac_nonexistent.h: No such file or directory
configure:3091: $? = 1
configure: failed program was:
| /* confdefs.h */
| #define PACKAGE_NAME "darshan-util"
| #define PACKAGE_TARNAME "darshan-util"
| #define PACKAGE_VERSION "3.1.5"
| #define PACKAGE_STRING "darshan-util 3.1.5"
| #define PACKAGE_BUGREPORT ""
| #define PACKAGE_URL ""
| /* end confdefs.h.  */
| #include <ac_nonexistent.h>
configure:3116: result: gcc -E
configure:3136: gcc -E  conftest.c
configure:3136: $? = 0
configure:3150: gcc -E  conftest.c
conftest.c:9:28: error: ac_nonexistent.h: No such file or directory
configure:3150: $? = 1
configure: failed program was:
| /* confdefs.h */
| #define PACKAGE_NAME "darshan-util"
| #define PACKAGE_TARNAME "darshan-util"
| #define PACKAGE_VERSION "3.1.5"
| #define PACKAGE_STRING "darshan-util 3.1.5"
| #define PACKAGE_BUGREPORT ""
| #define PACKAGE_URL ""
| /* end confdefs.h.  */
| #include <ac_nonexistent.h>
configure:3179: checking for grep that handles long lines and -e
configure:3237: result: /usr/bin/grep
configure:3242: checking for egrep
configure:3304: result: /usr/bin/grep -E
configure:3309: checking for ANSI C header files
configure:3329: gcc -c -g -O2  conftest.c >&5
configure:3329: $? = 0
configure:3402: gcc -o conftest -g -O2   conftest.c  >&5
configure:3402: $? = 0
configure:3402: ./conftest
configure:3402: $? = 0
configure:3413: result: yes
configure:3426: checking for sys/types.h
configure:3426: gcc -c -g -O2  conftest.c >&5
configure:3426: $? = 0
configure:3426: result: yes
configure:3426: checking for sys/stat.h
configure:3426: gcc -c -g -O2  conftest.c >&5
configure:3426: $? = 0
configure:3426: result: yes
configure:3426: checking for stdlib.h
configure:3426: gcc -c -g -O2  conftest.c >&5
configure:3426: $? = 0
configure:3426: result: yes
configure:3426: checking for string.h
configure:3426: gcc -c -g -O2  conftest.c >&5
configure:3426: $? = 0
configure:3426: result: yes
configure:3426: checking for memory.h
configure:3426: gcc -c -g -O2  conftest.c >&5
configure:3426: $? = 0
configure:3426: result: yes
configure:3426: checking for strings.h
configure:3426: gcc -c -g -O2  conftest.c >&5
configure:3426: $? = 0
configure:3426: result: yes
configure:3426: checking for inttypes.h
configure:3426: gcc -c -g -O2  conftest.c >&5
configure:3426: $? = 0
configure:3426: result: yes
configure:3426: checking for stdint.h
configure:3426: gcc -c -g -O2  conftest.c >&5
configure:3426: $? = 0
configure:3426: result: yes
configure:3426: checking for unistd.h
configure:3426: gcc -c -g -O2  conftest.c >&5
configure:3426: $? = 0
configure:3426: result: yes
configure:3461: checking zlib.h usability
configure:3461: gcc -c -g -O2  conftest.c >&5
configure:3461: $? = 0
configure:3461: result: yes
configure:3461: checking zlib.h presence
configure:3461: gcc -E  conftest.c
configure:3461: $? = 0
configure:3461: result: yes
configure:3461: checking for zlib.h
configure:3461: result: yes
configure:3469: checking for inflateEnd in -lz
configure:3494: gcc -o conftest -g -O2   conftest.c -lz   >&5
configure:3494: $? = 0
configure:3503: result: yes
configure:3521: checking if bzlib is wanted
configure:3553: result: yes
configure:3566: checking for BZ2_bzCompressInit in -lbz2
configure:3591: gcc -o conftest -g -O2  -I/usr/include  -L/usr/lib conftest.c -lbz2  -lz  >&5
/usr/lib64/gcc/x86_64-suse-linux/4.3/../../../../x86_64-suse-linux/bin/ld: skipping incompatible /usr/lib/libc.so when searching for -lc
/usr/lib64/gcc/x86_64-suse-linux/4.3/../../../../x86_64-suse-linux/bin/ld: skipping incompatible /usr/lib/libc.a when searching for -lc
configure:3591: $? = 0
configure:3600: result: yes
configure:3608: checking bzlib.h usability
configure:3608: gcc -c -g -O2  -I/usr/include conftest.c >&5
configure:3608: $? = 0
configure:3608: result: yes
configure:3608: checking bzlib.h presence
configure:3608: gcc -E  -I/usr/include conftest.c
configure:3608: $? = 0
configure:3608: result: yes
configure:3608: checking for bzlib.h
configure:3608: result: yes
configure:3627: checking for BZ2_bzCompressInit in -lbz2
configure:3661: result: yes
configure:3672: checking bzlib in /usr
configure:3674: result: ok
configure:3703: checking for inttypes.h
configure:3703: result: yes
configure:3714: checking whether the inttypes.h PRIxNN macros are broken
configure:3735: gcc -c -g -O2  -I/usr/include conftest.c >&5
configure:3735: $? = 0
configure:3743: result: no
configure:3763: checking for inttypes.h
configure:3763: result: yes
configure:3779: checking for pdflatex
configure:3795: found /usr/bin/pdflatex
configure:3807: result: yes
configure:3817: checking for -halt-on-error argument to pdflatex
configure:3821: result: yes
configure:3831: checking whether byte ordering is bigendian
configure:3846: gcc -c -g -O2  -I/usr/include conftest.c >&5
conftest.c:24: error: expected '=', ',', ';', 'asm' or '__attribute__' before 'a'
configure:3846: $? = 1
configure: failed program was:
| /* confdefs.h */
| #define PACKAGE_NAME "darshan-util"
| #define PACKAGE_TARNAME "darshan-util"
| #define PACKAGE_VERSION "3.1.5"
| #define PACKAGE_STRING "darshan-util 3.1.5"
| #define PACKAGE_BUGREPORT ""
| #define PACKAGE_URL ""
| #define STDC_HEADERS 1
| #define HAVE_SYS_TYPES_H 1
| #define HAVE_SYS_STAT_H 1
| #define HAVE_STDLIB_H 1
| #define HAVE_STRING_H 1
| #define HAVE_MEMORY_H 1
| #define HAVE_STRINGS_H 1
| #define HAVE_INTTYPES_H 1
| #define HAVE_STDINT_H 1
| #define HAVE_UNISTD_H 1
| #define HAVE_LIBZ 1
| #define HAVE_LIBBZ2 1
| #define HAVE_INTTYPES_H 1
| #define HAVE_INTTYPES_H 1
| /* end confdefs.h.  */
| #ifndef __APPLE_CC__
| 	       not a universal capable compiler
| 	     #endif
| 	     typedef int dummy;
| 
configure:3891: gcc -c -g -O2  -I/usr/include conftest.c >&5
configure:3891: $? = 0
configure:3909: gcc -c -g -O2  -I/usr/include conftest.c >&5
conftest.c: In function 'main':
conftest.c:30: error: 'not' undeclared (first use in this function)
conftest.c:30: error: (Each undeclared identifier is reported only once
conftest.c:30: error: for each function it appears in.)
conftest.c:30: error: expected ';' before 'big'
configure:3909: $? = 1
configure: failed program was:
| /* confdefs.h */
| #define PACKAGE_NAME "darshan-util"
| #define PACKAGE_TARNAME "darshan-util"
| #define PACKAGE_VERSION "3.1.5"
| #define PACKAGE_STRING "darshan-util 3.1.5"
| #define PACKAGE_BUGREPORT ""
| #define PACKAGE_URL ""
| #define STDC_HEADERS 1
| #define HAVE_SYS_TYPES_H 1
| #define HAVE_SYS_STAT_H 1
| #define HAVE_STDLIB_H 1
| #define HAVE_STRING_H 1
| #define HAVE_MEMORY_H 1
| #define HAVE_STRINGS_H 1
| #define HAVE_INTTYPES_H 1
| #define HAVE_STDINT_H 1
| #define HAVE_UNISTD_H 1
| #define HAVE_LIBZ 1
| #define HAVE_LIBBZ2 1
| #define HAVE_INTTYPES_H 1
| #define HAVE_INTTYPES_H 1
| /* end confdefs.h.  */
| #include <sys/types.h>
| 		#include <sys/param.h>
| 
| int
| main ()
| {
| #if BYTE_ORDER != BIG_ENDIAN
| 		 not big endian
| 		#endif
| 
|   ;
|   return 0;
| }
configure:4037: result: no
configure:4058: checking for off64_t
configure:4087: gcc -c -g -O2 -D_FILE_OFFSET_BITS=64 -D_LARGEFILE64_SOURCE  -I/usr/include conftest.c >&5
configure:4087: $? = 0
configure:4088: result: yes
configure:4132: checking for strndup
configure:4132: gcc -o conftest -g -O2  -I/usr/include  -L/usr/lib conftest.c -lbz2 -lz  >&5
conftest.c:47: warning: conflicting types for built-in function 'strndup'
/usr/lib64/gcc/x86_64-suse-linux/4.3/../../../../x86_64-suse-linux/bin/ld: skipping incompatible /usr/lib/libc.so when searching for -lc
/usr/lib64/gcc/x86_64-suse-linux/4.3/../../../../x86_64-suse-linux/bin/ld: skipping incompatible /usr/lib/libc.a when searching for -lc
configure:4132: $? = 0
configure:4132: result: yes
configure:4267: creating ./config.status

## ---------------------- ##
## Running config.status. ##
## ---------------------- ##

This file was extended by darshan-util config.status 3.1.5, which was
generated by GNU Autoconf 2.69.  Invocation command line was

  CONFIG_FILES    = 
  CONFIG_HEADERS  = 
  CONFIG_LINKS    = 
  CONFIG_COMMANDS = 
  $ ./config.status 

on h2ologin4

config.status:819: creating Makefile
config.status:819: creating darshan-job-summary/bin/darshan-job-summary.pl
config.status:819: creating maint/darshan-util.pc
config.status:819: creating darshan-util-config.h

## ---------------- ##
## Cache variables. ##
## ---------------- ##

ac_cv_c_bigendian=no
ac_cv_c_compiler_gnu=yes
ac_cv_env_CC_set=
ac_cv_env_CC_value=
ac_cv_env_CFLAGS_set=
ac_cv_env_CFLAGS_value=
ac_cv_env_CPPFLAGS_set=
ac_cv_env_CPPFLAGS_value=
ac_cv_env_CPP_set=
ac_cv_env_CPP_value=
ac_cv_env_LDFLAGS_set=
ac_cv_env_LDFLAGS_value=
ac_cv_env_LIBS_set=
ac_cv_env_LIBS_value=
ac_cv_env_build_alias_set=
ac_cv_env_build_alias_value=
ac_cv_env_host_alias_set=
ac_cv_env_host_alias_value=
ac_cv_env_target_alias_set=
ac_cv_env_target_alias_value=
ac_cv_func_strndup=yes
ac_cv_header_bzlib_h=yes
ac_cv_header_inttypes_h=yes
ac_cv_header_memory_h=yes
ac_cv_header_stdc=yes
ac_cv_header_stdint_h=yes
ac_cv_header_stdlib_h=yes
ac_cv_header_string_h=yes
ac_cv_header_strings_h=yes
ac_cv_header_sys_stat_h=yes
ac_cv_header_sys_types_h=yes
ac_cv_header_unistd_h=yes
ac_cv_header_zlib_h=yes
ac_cv_lib_bz2_BZ2_bzCompressInit=yes
ac_cv_lib_z_inflateEnd=yes
ac_cv_objext=o
ac_cv_path_EGREP='/usr/bin/grep -E'
ac_cv_path_GREP=/usr/bin/grep
ac_cv_path_install='/usr/bin/install -c'
ac_cv_prog_CPP='gcc -E'
ac_cv_prog_HAVE_PDFLATEX=yes
ac_cv_prog_ac_ct_CC=gcc
ac_cv_prog_cc_c89=
ac_cv_prog_cc_g=yes
bzlib_cv_bzlib_h=yes
bzlib_cv_libbz2=yes
gt_cv_inttypes_pri_broken=no

## ----------------- ##
## Output variables. ##
## ----------------- ##

CC='gcc'
CFLAGS='-g -O2'
CPP='gcc -E'
CPPFLAGS=' -I/usr/include'
DARSHAN_ENABLE_SHARED='1'
DARSHAN_USE_APXC=''
DARSHAN_UTIL_VERSION='3.1.5'
DEFS='-DHAVE_CONFIG_H'
ECHO_C=''
ECHO_N='-n'
ECHO_T=''
EGREP='/usr/bin/grep -E'
EXEEXT=''
GREP='/usr/bin/grep'
HAVE_PDFLATEX='yes'
INSTALL_DATA='${INSTALL} -m 644'
INSTALL_PROGRAM='${INSTALL}'
INSTALL_SCRIPT='${INSTALL}'
LDFLAGS=' -L/usr/lib'
LIBBZ2='-lbz2'
LIBOBJS=''
LIBS='-lbz2 -lz '
LTLIBOBJS=''
OBJEXT='o'
PACKAGE_BUGREPORT=''
PACKAGE_NAME='darshan-util'
PACKAGE_STRING='darshan-util 3.1.5'
PACKAGE_TARNAME='darshan-util'
PACKAGE_URL=''
PACKAGE_VERSION='3.1.5'
PATH_SEPARATOR=':'
PRI_MACROS_BROKEN='0'
SHELL='/bin/sh'
__DARSHAN_PDFLATEX_HALT_ON_ERROR='-halt-on-error'
__DARSHAN_ZLIB_INCLUDE_FLAGS=''
__DARSHAN_ZLIB_LINK_FLAGS=''
ac_ct_CC='gcc'
bindir='${exec_prefix}/bin'
build_alias=''
datadir='${datarootdir}'
datarootdir='${prefix}/share'
docdir='${datarootdir}/doc/${PACKAGE_TARNAME}'
dvidir='${docdir}'
exec_prefix='${prefix}'
host_alias=''
htmldir='${docdir}'
includedir='${prefix}/include'
infodir='${datarootdir}/info'
libdir='${exec_prefix}/lib'
libexecdir='${exec_prefix}/libexec'
localedir='${datarootdir}/locale'
localstatedir='${prefix}/var'
mandir='${datarootdir}/man'
oldincludedir='/usr/include'
pdfdir='${docdir}'
prefix='/usr/local'
program_transform_name='s,x,x,'
psdir='${docdir}'
runstatedir='${localstatedir}/run'
sbindir='${exec_prefix}/sbin'
sharedstatedir='${prefix}/com'
sysconfdir='${prefix}/etc'
target_alias=''

## ----------- ##
## confdefs.h. ##
## ----------- ##

/* confdefs.h */
#define PACKAGE_NAME "darshan-util"
#define PACKAGE_TARNAME "darshan-util"
#define PACKAGE_VERSION "3.1.5"
#define PACKAGE_STRING "darshan-util 3.1.5"
#define PACKAGE_BUGREPORT ""
#define PACKAGE_URL ""
#define STDC_HEADERS 1
#define HAVE_SYS_TYPES_H 1
#define HAVE_SYS_STAT_H 1
#define HAVE_STDLIB_H 1
#define HAVE_STRING_H 1
#define HAVE_MEMORY_H 1
#define HAVE_STRINGS_H 1
#define HAVE_INTTYPES_H 1
#define HAVE_STDINT_H 1
#define HAVE_UNISTD_H 1
#define HAVE_LIBZ 1
#define HAVE_LIBBZ2 1
#define HAVE_INTTYPES_H 1
#define HAVE_INTTYPES_H 1
#define HAVE_OFF64_T 1
#define HAVE_STRNDUP 1

configure: exit 0
