In Torque Shifter prologue batchID: 8484486
Initializing udiRoot, please wait.
Retrieving Docker Image
udiRoot Start successful
----------------------------------------
Begin Torque Prologue on nid25334
at Thu Apr  5 14:30:27 CDT 2018
Job Id:			8484486.bw
Username:		borcean2
Group:			EOT_bapr
Job name:		test_spark_bwpy
Requested resources:	gres=shifter16,neednodes=4:ppn=32,nodes=4:ppn=32,walltime=02:00:00
Queue:			normal
Account:		bapr
End Torque Prologue:  19.353 elapsed
----------------------------------------




Starting Spark Master on nid05472 (URL: http://10.128.21.139:8080)...
starting org.apache.spark.deploy.master.Master, logging to /u/eot/borcean2/scratch/spark/spark-borcean2-org.apache.spark.deploy.master.Master-1-nid05472.out
Starting Spark slaves...
starting org.apache.spark.deploy.worker.Worker, logging to /u/eot/borcean2/scratch/spark/spark-borcean2-org.apache.spark.deploy.worker.Worker-1-nid05567.out
starting org.apache.spark.deploy.worker.Worker, logging to /u/eot/borcean2/scratch/spark/spark-borcean2-org.apache.spark.deploy.worker.Worker-1-nid05566.out
udiRoot Cleanup successful
Output from node nid05472:
Checking for stray process(es) launched by borcean2 through direct SSH to Shifter container.
  PID TTY          TIME CMD
Reply (complete) from nid05472 exit code: 0
Output from node nid05473:
Checking for stray process(es) launched by borcean2 through direct SSH to Shifter container.
  PID TTY          TIME CMD
Reply (complete) from nid05473 exit code: 0
Output from node nid05566:
Checking for stray process(es) launched by borcean2 through direct SSH to Shifter container.
  PID TTY          TIME CMD
Reply (complete) from nid05566 exit code: 0
Output from node nid05567:
Checking for stray process(es) launched by borcean2 through direct SSH to Shifter container.
  PID TTY          TIME CMD
Reply (complete) from nid05567 exit code: 0
